<?xml version="1.0" encoding="UTF-8"?>
<!-- Generated by org.testng.reporters.JUnitXMLReporter -->
<testsuite ignored="3" hostname="Vanli" failures="1" tests="3" name="Regression Test" time="47.347" errors="0" timestamp="2020-01-16T20:41:38 CST">
  <testcase classname="com.class04.TitleLogoAndLoginVerification" name="titleValidation" time="0.026"/>
  <testcase classname="com.class04.TitleLogoAndLoginVerification" name="validateLogin" time="2.212">
    <failure type="java.lang.AssertionError" message="did not expect to find [true] but found [false]">
      <![CDATA[java.lang.AssertionError: did not expect to find [true] but found [false]
at com.class04.TitleLogoAndLoginVerification.validateLogin(TitleLogoAndLoginVerification.java:42)
at java.base/java.util.ArrayList.forEach(ArrayList.java:1540)
... Removed 31 stack frames]]>
    </failure>
  </testcase> <!-- validateLogin -->
  <testcase classname="com.class04.TitleLogoAndLoginVerification" name="validateLogo" time="0.089"/>
  <testcase classname="com.class04.ListenerDemo" name="testOne" time="0.0">
    <ignored/>
  </testcase> <!-- testOne -->
  <testcase classname="com.class04.ListenerDemo" name="testThree" time="0.0">
    <ignored/>
  </testcase> <!-- testThree -->
  <testcase classname="com.class04.ListenerDemo" name="testTwo" time="0.0">
    <ignored/>
  </testcase> <!-- testTwo -->
</testsuite> <!-- Regression Test -->
