<?xml version="1.0" encoding="UTF-8"?>
<!-- Generated by org.testng.reporters.JUnitXMLReporter -->
<testsuite ignored="26" hostname="Vanli" failures="1" tests="3" name="Smoke Test" time="30.133" errors="0" timestamp="2020-01-14T19:39:50 CST">
  <testcase classname="com.class01.TitleLogoAndLoginVerification" name="titleValidation" time="0.025"/>
  <testcase classname="com.class01.TitleLogoAndLoginVerification" name="validateLogo" time="0.084"/>
  <testcase classname="com.class03.TitleLogoAndLoginVerification" name="validateLogin" time="0.008">
    <failure type="org.openqa.selenium.NoSuchSessionException" message="Session ID is null. Using WebDriver after calling quit()?
Build info: version: &amp;apos;3.141.59&amp;apos;, revision: &amp;apos;e82be7d358&amp;apos;, time: &amp;apos;2018-11-14T08:25:48&amp;apos;
System info: host: &amp;apos;VANLI&amp;apos;, ip: &amp;apos;192.168.1.5&amp;apos;, os.name: &amp;apos;Windows 10&amp;apos;, os.arch: &amp;apos;amd64&amp;apos;, os.version: &amp;apos;10.0&amp;apos;, java.version: &amp;apos;12.0.2&amp;apos;
Driver info: driver.version: RemoteWebDriver">
      <![CDATA[org.openqa.selenium.NoSuchSessionException: Session ID is null. Using WebDriver after calling quit()?
Build info: version: '3.141.59', revision: 'e82be7d358', time: '2018-11-14T08:25:48'
System info: host: 'VANLI', ip: '192.168.1.5', os.name: 'Windows 10', os.arch: 'amd64', os.version: '10.0', java.version: '12.0.2'
Driver info: driver.version: RemoteWebDriver
at org.openqa.selenium.remote.HttpCommandExecutor.execute(HttpCommandExecutor.java:125)
at org.openqa.selenium.remote.service.DriverCommandExecutor.execute(DriverCommandExecutor.java:83)
at org.openqa.selenium.remote.RemoteWebDriver.execute(RemoteWebDriver.java:552)
at org.openqa.selenium.remote.RemoteWebDriver.findElement(RemoteWebDriver.java:323)
at org.openqa.selenium.remote.RemoteWebDriver.findElementById(RemoteWebDriver.java:372)
at org.openqa.selenium.By$ById.findElement(By.java:188)
at org.openqa.selenium.remote.RemoteWebDriver.findElement(RemoteWebDriver.java:315)
at com.class03.TitleLogoAndLoginVerification.validateLogin(TitleLogoAndLoginVerification.java:45)
at java.base/java.util.ArrayList.forEach(ArrayList.java:1540)
... Removed 27 stack frames]]>
    </failure>
  </testcase> <!-- validateLogin -->
  <testcase classname="com.class03.TitleLogoAndLoginVerification" name="validateLogo" time="0.0">
    <ignored/>
  </testcase> <!-- validateLogo -->
  <testcase classname="com.class01.Class01_Task2" name="test2" time="0.0">
    <ignored/>
  </testcase> <!-- test2 -->
  <testcase classname="com.class03.TitleLogoAndLoginVerification" name="titleValidation" time="0.0">
    <ignored/>
  </testcase> <!-- titleValidation -->
  <testcase classname="com.class01.TestNGDemo1" name="testTwo" time="0.0">
    <ignored/>
  </testcase> <!-- testTwo -->
  <testcase classname="com.class01.TestNGDemo1" name="testThree" time="0.0">
    <ignored/>
  </testcase> <!-- testThree -->
  <testcase classname="com.class01.TitleLogoAndLoginVerification" name="validateLogin" time="0.0">
    <ignored/>
  </testcase> <!-- validateLogin -->
  <testcase classname="com.class01.Class01_Task_1" name="testOne" time="0.0">
    <ignored/>
  </testcase> <!-- testOne -->
  <testcase classname="com.class01.Class01_TC2_HRMSApplicationNegativeLogin" name="InserCredentials" time="0.0">
    <ignored/>
  </testcase> <!-- InserCredentials -->
  <testcase classname="com.class02.AssertionsDemo" name="validateLogo" time="0.0">
    <ignored/>
  </testcase> <!-- validateLogo -->
  <testcase classname="com.class03.AlwaysRunDemo" name="testMethod1" time="0.0">
    <ignored/>
  </testcase> <!-- testMethod1 -->
  <testcase classname="com.class01.Class01_TC1_HRMSApplicationLogin" name="syntaxDemo" time="0.0">
    <ignored/>
  </testcase> <!-- syntaxDemo -->
  <testcase classname="com.class03.AlwaysRunDemo" name="testMethod2" time="0.0">
    <ignored/>
  </testcase> <!-- testMethod2 -->
  <testcase classname="com.class01.Class01_TC2_HRMSApplicationNegativeLogin" name="verifyEmptyPasswordMessage" time="0.0">
    <ignored/>
  </testcase> <!-- verifyEmptyPasswordMessage -->
  <testcase classname="com.class01.TestNGDemo" name="method1" time="0.0">
    <ignored/>
  </testcase> <!-- method1 -->
  <testcase classname="com.class02.AssertionsDemo" name="validateLogin" time="0.0">
    <ignored/>
  </testcase> <!-- validateLogin -->
  <testcase classname="com.class01.Class01_Task2" name="test1" time="0.0">
    <ignored/>
  </testcase> <!-- test1 -->
  <testcase classname="com.class02.Class02_TC1_HRMSand_Employee" name="logoAndLogin" time="0.0">
    <ignored/>
  </testcase> <!-- logoAndLogin -->
  <testcase classname="com.class01.Class01_Task_1" name="testTwo" time="0.0">
    <ignored/>
  </testcase> <!-- testTwo -->
  <testcase classname="com.class01.Class01_TC1_HRMSApplicationLogin" name="validateLogin" time="0.0">
    <ignored/>
  </testcase> <!-- validateLogin -->
  <testcase classname="com.class02.AssertionsDemo" name="titleValidation" time="0.0">
    <ignored/>
  </testcase> <!-- titleValidation -->
  <testcase classname="com.class01.Class01_Task_1" name="testThree" time="0.0">
    <ignored/>
  </testcase> <!-- testThree -->
  <testcase classname="com.class02.SoftAssertionDemo" name="logoAndLogin" time="0.0">
    <ignored/>
  </testcase> <!-- logoAndLogin -->
  <testcase classname="com.class01.DifferentAnnatotations" name="method2" time="0.0">
    <ignored/>
  </testcase> <!-- method2 -->
  <testcase classname="com.class02.Class01_TC2_Assertions" name="verifyEmptyPasswordMessage" time="0.0">
    <ignored/>
  </testcase> <!-- verifyEmptyPasswordMessage -->
  <testcase classname="com.class01.DifferentAnnatotations" name="method1" time="0.0">
    <ignored/>
  </testcase> <!-- method1 -->
  <testcase classname="com.class01.TestNGDemo1" name="testOne" time="0.0">
    <ignored/>
  </testcase> <!-- testOne -->
</testsuite> <!-- Smoke Test -->
